<?xml version="1.0" encoding="UTF-8"?>
<!-- Generated by org.testng.reporters.JUnitReportReporter -->
<testsuite hostname="MBK-TECH-81.local" name="Outfittery.web.helpers.Registration" tests="1" failures="0" timestamp="6 Dec 2015 08:44:44 GMT" time="9.204" errors="0">
  <testcase name="registrationFlow" time="9.204" classname="Outfittery.web.helpers.Registration"/>
</testsuite> <!-- Outfittery.web.helpers.Registration -->
