<?xml version="1.0" encoding="UTF-8"?>
<!-- Generated by org.testng.reporters.JUnitReportReporter -->
<testsuite hostname="MBK-TECH-81.local" name="Outfittery.web.tests.HomePageTest" tests="1" failures="0" timestamp="7 Dec 2015 09:09:14 GMT" time="69.239" errors="0">
  <testcase name="logintest" time="69.239" classname="Outfittery.web.tests.HomePageTest"/>
</testsuite> <!-- Outfittery.web.tests.HomePageTest -->
