<?xml version="1.0" encoding="UTF-8"?>
<!-- Generated by org.testng.reporters.JUnitReportReporter -->
<testsuite hostname="MBK-TECH-81.local" name="Outfittery.web.tests.HomePageTest" tests="1" failures="0" timestamp="8 Dec 2015 07:37:39 GMT" time="91.712" errors="0">
  <testcase name="logintest" time="91.712" classname="Outfittery.web.tests.HomePageTest"/>
</testsuite> <!-- Outfittery.web.tests.HomePageTest -->
